<?xml version="1.0" encoding="UTF-8"?>
<!-- Generated by org.testng.reporters.JUnitReportReporter -->
<testsuite hostname="KRISHNA" failures="0" tests="2" name="com.actitime.scripts.LoginTest" time="19.617" errors="0" timestamp="23 Oct 2018 14:28:35 GMT" skipped="0">
  <testcase classname="com.actitime.scripts.LoginTest" name="validLoginTest" time="10.378"/>
  <testcase classname="com.actitime.scripts.LoginTest" name="invalidLoginTest" time="9.239"/>
</testsuite> <!-- com.actitime.scripts.LoginTest -->
