<?xml version="1.0" encoding="UTF-8"?>
<!-- Generated by org.testng.reporters.JUnitReportReporter -->
<testsuite hostname="KRISHNA" failures="0" tests="2" name="com.actitime.scripts.LoginTest" time="38.612" errors="0" timestamp="02 Aug 2018 08:18:22 GMT" skipped="0">
  <testcase classname="com.actitime.scripts.LoginTest" name="validLoginTest" time="30.325"/>
  <testcase classname="com.actitime.scripts.LoginTest" name="invalidLoginTest" time="8.287"/>
</testsuite> <!-- com.actitime.scripts.LoginTest -->
